<?xml version="1.0" encoding="UTF-8"?>
<!-- Generated by org.testng.reporters.JUnitXMLReporter -->
<testsuite ignored="0" hostname="Gauravs-MBP" failures="0" tests="3" name="Default test" time="0.141" errors="0" timestamp="2020-01-02T14:16:26 IST">
  <testcase classname="Selenium_Stuff.Selenium_4_Stuffs.DataProvider" name="method" time="0.015"/>
  <testcase classname="Selenium_Stuff.Selenium_4_Stuffs.DataProvider" name="method" time="0.017"/>
  <testcase classname="Selenium_Stuff.Selenium_4_Stuffs.DataProvider" name="method" time="0.013"/>
</testsuite> <!-- Default test -->
